c:\users\philoupe\dropbox\workspace\c++\maths_quaternions\objloader\debug\vc140.pdb
c:\users\philoupe\dropbox\workspace\c++\maths_quaternions\objloader\debug\vc140.idb
c:\users\philoupe\dropbox\workspace\c++\maths_quaternions\objloader\debug\esgishader.obj
c:\users\philoupe\dropbox\workspace\c++\maths_quaternions\objloader\debug\tiny_obj_loader.obj
c:\users\philoupe\dropbox\workspace\c++\maths_quaternions\objloader\debug\common.obj
c:\users\philoupe\dropbox\workspace\c++\maths_quaternions\objloader\debug\obj_sticher.obj
c:\users\philoupe\dropbox\workspace\c++\maths_quaternions\objloader\debug\obj_writer.obj
c:\users\philoupe\dropbox\workspace\c++\maths_quaternions\objloader\debug\test.obj
c:\users\philoupe\dropbox\workspace\c++\maths_quaternions\objloader\debug\quaternion.obj
c:\users\philoupe\dropbox\workspace\c++\maths_quaternions\objloader\debug\objloader.obj
c:\users\philoupe\dropbox\workspace\c++\maths_quaternions\objloader\debug\objloader.ilk
c:\users\philoupe\dropbox\workspace\c++\maths_quaternions\objloader\debug\objloader.exe
c:\users\philoupe\dropbox\workspace\c++\maths_quaternions\objloader\debug\objloader.pdb
c:\users\philoupe\dropbox\workspace\c++\maths_quaternions\debug\objloader.pdb
c:\users\philoupe\dropbox\workspace\c++\maths_quaternions\objloader\debug\objloader.tlog\cl.command.1.tlog
c:\users\philoupe\dropbox\workspace\c++\maths_quaternions\objloader\debug\objloader.tlog\cl.read.1.tlog
c:\users\philoupe\dropbox\workspace\c++\maths_quaternions\objloader\debug\objloader.tlog\cl.write.1.tlog
c:\users\philoupe\dropbox\workspace\c++\maths_quaternions\objloader\debug\objloader.tlog\link.command.1.tlog
c:\users\philoupe\dropbox\workspace\c++\maths_quaternions\objloader\debug\objloader.tlog\link.read.1.tlog
c:\users\philoupe\dropbox\workspace\c++\maths_quaternions\objloader\debug\objloader.tlog\link.write.1.tlog
